<?xml version="1.0" encoding="UTF-8"?>
<!-- Generated by org.testng.reporters.JUnitXMLReporter -->
<testsuite ignored="0" hostname="DESKTOP-V9SCI2U" failures="0" tests="16" name="Sample test cases" time="0.472" errors="0" timestamp="2022-11-18T12:49:22 IST">
  <testcase classname="com.sgtesting.calculator.testcases.AdditionTestcases" name="addPositiveAndNegativeNumbers" time="0.03"/>
  <testcase classname="com.sgtesting.calculator.testcases.AdditionTestcases" name="addPositiveAndZeroNumbers" time="0.006"/>
  <testcase classname="com.sgtesting.calculator.testcases.AdditionTestcases" name="addTwoNegativeNumbers" time="0.005"/>
  <testcase classname="com.sgtesting.calculator.testcases.AdditionTestcases" name="addTwoPositiveNumbers" time="0.008"/>
  <testcase classname="com.sgtesting.calculator.testcases.SubstractionTestcases" name="substractPositiveAndNegativeNumbers" time="0.008"/>
  <testcase classname="com.sgtesting.calculator.testcases.SubstractionTestcases" name="substractPositiveAndZeroNumbers" time="0.012"/>
  <testcase classname="com.sgtesting.calculator.testcases.SubstractionTestcases" name="substractTwoNegativeNumbers" time="0.012"/>
  <testcase classname="com.sgtesting.calculator.testcases.SubstractionTestcases" name="substractTwoPositiveNumbers" time="0.005"/>
  <testcase classname="com.sgtesting.calculator.testcases.DivisionTestcases" name="dividePositiveAndNegativeNumbers" time="0.007"/>
  <testcase classname="com.sgtesting.calculator.testcases.DivisionTestcases" name="dividePositiveAndOneNumbers" time="0.005"/>
  <testcase classname="com.sgtesting.calculator.testcases.DivisionTestcases" name="divideTwoNegativeNumbers" time="0.011"/>
  <testcase classname="com.sgtesting.calculator.testcases.DivisionTestcases" name="divideTwoPositiveNumbers" time="0.013"/>
  <testcase classname="com.sgtesting.calculator.testcases.MultiplicationTestcases" name="multiplyPositiveAndNegativeNumbers" time="0.003"/>
  <testcase classname="com.sgtesting.calculator.testcases.MultiplicationTestcases" name="multiplyPositiveAndZeroNumbers" time="0.012"/>
  <testcase classname="com.sgtesting.calculator.testcases.MultiplicationTestcases" name="multiplyTwoNegativeNumbers" time="0.004"/>
  <testcase classname="com.sgtesting.calculator.testcases.MultiplicationTestcases" name="multiplyTwoPositiveNumbers" time="0.008"/>
</testsuite> <!-- Sample test cases -->
