<?xml version="1.0" encoding="UTF-8"?>
<!-- Generated by org.testng.reporters.JUnitXMLReporter -->
<testsuite ignored="0" hostname="DESKTOP-V9SCI2U" failures="0" tests="9" name="Default test" time="42.859" errors="0" timestamp="2022-11-12T00:00:59 IST">
  <testcase classname="com.TestNGActitime.programs.Assignment6" name="launchBrowser" time="7.64"/>
  <testcase classname="com.TestNGActitime.programs.Assignment6" name="navigate" time="7.488"/>
  <testcase classname="com.TestNGActitime.programs.Assignment6" name="login" time="5.872"/>
  <testcase classname="com.TestNGActitime.programs.Assignment6" name="minimizeFlyOutwindow" time="2.221"/>
  <testcase classname="com.TestNGActitime.programs.Assignment6" name="addCustomer" time="14.948"/>
  <testcase classname="com.TestNGActitime.programs.Assignment6" name="creatProject" time="1.195"/>
  <testcase classname="com.TestNGActitime.programs.Assignment6" name="deleteProject" time="1.198"/>
  <testcase classname="com.TestNGActitime.programs.Assignment6" name="logout" time="1.241"/>
  <testcase classname="com.TestNGActitime.programs.Assignment6" name="closeApp" time="0.754"/>
</testsuite> <!-- Default test -->
