<?xml version="1.0" encoding="UTF-8"?>
<!-- Generated by org.testng.reporters.JUnitXMLReporter -->
<testsuite ignored="0" hostname="DESKTOP-V9SCI2U" failures="0" tests="6" name="Default test" time="50.704" errors="0" timestamp="2022-11-09T14:16:03 IST">
  <testcase classname="com.sgtesting.testngscenario.LoginLogoutDemo" name="launchBrowser" time="22.679"/>
  <testcase classname="com.sgtesting.testngscenario.LoginLogoutDemo" name="navigate" time="13.341"/>
  <testcase classname="com.sgtesting.testngscenario.LoginLogoutDemo" name="login" time="7.396"/>
  <testcase classname="com.sgtesting.testngscenario.LoginLogoutDemo" name="minimizeFlyOutwindow" time="2.391"/>
  <testcase classname="com.sgtesting.testngscenario.LoginLogoutDemo" name="logout" time="3.055"/>
  <testcase classname="com.sgtesting.testngscenario.LoginLogoutDemo" name="closeApp" time="1.312"/>
</testsuite> <!-- Default test -->
