<?xml version="1.0" encoding="UTF-8"?>
<!-- Generated by org.testng.reporters.JUnitXMLReporter -->
<testsuite ignored="0" hostname="DESKTOP-V9SCI2U" failures="0" tests="8" name="Default test" time="44.793" errors="0" timestamp="2022-11-12T15:49:56 IST">
  <testcase classname="com.MavenActi.programs.Assignment4" name="launchBrowser" time="9.019"/>
  <testcase classname="com.MavenActi.programs.Assignment4" name="navigate" time="6.911"/>
  <testcase classname="com.MavenActi.programs.Assignment4" name="login" time="5.717"/>
  <testcase classname="com.MavenActi.programs.Assignment4" name="minimizeFlyOutwindow" time="2.222"/>
  <testcase classname="com.MavenActi.programs.Assignment4" name="addCustomer" time="17.347"/>
  <testcase classname="com.MavenActi.programs.Assignment4" name="deleteCustomer" time="1.226"/>
  <testcase classname="com.MavenActi.programs.Assignment4" name="logout" time="1.214"/>
  <testcase classname="com.MavenActi.programs.Assignment4" name="closeApp" time="0.677"/>
</testsuite> <!-- Default test -->
