<?xml version="1.0" encoding="UTF-8"?>
<!-- Generated by org.testng.reporters.JUnitXMLReporter -->
<testsuite ignored="0" hostname="DESKTOP-V9SCI2U" failures="0" tests="3" name="Default test" time="0.445" errors="0" timestamp="2022-11-10T13:33:39 IST">
  <testcase classname="com.sgtesting.testcases.Users" name="createUser" time="0.066"/>
  <testcase classname="com.sgtesting.testcases.Users" name="deleteUser" time="0.01"/>
  <testcase classname="com.sgtesting.testcases.Users" name="modifyUser" time="0.023"/>
</testsuite> <!-- Default test -->
