<?xml version="1.0" encoding="UTF-8"?>
<!-- Generated by org.testng.reporters.JUnitXMLReporter -->
<testsuite ignored="0" hostname="DESKTOP-V9SCI2U" failures="0" tests="63" name="Users&gt;" time="339.286" errors="0" timestamp="2022-11-12T16:15:11 IST">
  <testcase classname="com.MavenActi.programs.Assignment1" name="launchBrowser" time="8.517"/>
  <testcase classname="com.MavenActi.programs.Assignment1" name="navigate" time="7.748"/>
  <testcase classname="com.MavenActi.programs.Assignment1" name="login" time="6.11"/>
  <testcase classname="com.MavenActi.programs.Assignment1" name="minimizeFlyOutwindow" time="2.323"/>
  <testcase classname="com.MavenActi.programs.Assignment1" name="createUser" time="19.52"/>
  <testcase classname="com.MavenActi.programs.Assignment1" name="deleteUser" time="6.856"/>
  <testcase classname="com.MavenActi.programs.Assignment1" name="logout" time="3.44"/>
  <testcase classname="com.MavenActi.programs.Assignment1" name="closeApp" time="0.826"/>
  <testcase classname="com.MavenActi.programs.Assignment2" name="launchBrowser" time="3.654"/>
  <testcase classname="com.MavenActi.programs.Assignment2" name="navigate" time="6.722"/>
  <testcase classname="com.MavenActi.programs.Assignment2" name="login" time="5.716"/>
  <testcase classname="com.MavenActi.programs.Assignment2" name="minimizeFlyOutwindow" time="2.205"/>
  <testcase classname="com.MavenActi.programs.Assignment2" name="createUser" time="18.713"/>
  <testcase classname="com.MavenActi.programs.Assignment2" name="deleteUser" time="6.591"/>
  <testcase classname="com.MavenActi.programs.Assignment2" name="modifyuser" time="0.121"/>
  <testcase classname="com.MavenActi.programs.Assignment2" name="logout" time="3.05"/>
  <testcase classname="com.MavenActi.programs.Assignment2" name="closeApp" time="0.88"/>
  <testcase classname="com.MavenActi.programs.Assignment4" name="launchBrowser" time="3.394"/>
  <testcase classname="com.MavenActi.programs.Assignment4" name="navigate" time="7.551"/>
  <testcase classname="com.MavenActi.programs.Assignment4" name="login" time="5.635"/>
  <testcase classname="com.MavenActi.programs.Assignment4" name="minimizeFlyOutwindow" time="2.289"/>
  <testcase classname="com.MavenActi.programs.Assignment4" name="addCustomer" time="16.916"/>
  <testcase classname="com.MavenActi.programs.Assignment4" name="deleteCustomer" time="1.142"/>
  <testcase classname="com.MavenActi.programs.Assignment4" name="logout" time="1.186"/>
  <testcase classname="com.MavenActi.programs.Assignment4" name="closeApp" time="0.656"/>
  <testcase classname="com.MavenActi.programs.Assignment5" name="launchBrowser" time="3.291"/>
  <testcase classname="com.MavenActi.programs.Assignment5" name="navigate" time="7.108"/>
  <testcase classname="com.MavenActi.programs.Assignment5" name="login" time="5.78"/>
  <testcase classname="com.MavenActi.programs.Assignment5" name="minimizeFlyOutwindow" time="2.365"/>
  <testcase classname="com.MavenActi.programs.Assignment5" name="addCustomer" time="17.562"/>
  <testcase classname="com.MavenActi.programs.Assignment5" name="modifyCustomer" time="1.156"/>
  <testcase classname="com.MavenActi.programs.Assignment5" name="deleteCustomer" time="1.239"/>
  <testcase classname="com.MavenActi.programs.Assignment5" name="logout" time="1.225"/>
  <testcase classname="com.MavenActi.programs.Assignment5" name="closeApp" time="0.695"/>
  <testcase classname="com.MavenActi.programs.Assignment6" name="launchBrowser" time="3.828"/>
  <testcase classname="com.MavenActi.programs.Assignment6" name="navigate" time="6.754"/>
  <testcase classname="com.MavenActi.programs.Assignment6" name="login" time="5.657"/>
  <testcase classname="com.MavenActi.programs.Assignment6" name="minimizeFlyOutwindow" time="2.25"/>
  <testcase classname="com.MavenActi.programs.Assignment6" name="addCustomer" time="17.116"/>
  <testcase classname="com.MavenActi.programs.Assignment6" name="creatProject" time="1.118"/>
  <testcase classname="com.MavenActi.programs.Assignment6" name="deleteProject" time="1.233"/>
  <testcase classname="com.MavenActi.programs.Assignment6" name="logout" time="1.305"/>
  <testcase classname="com.MavenActi.programs.Assignment6" name="closeApp" time="0.862"/>
  <testcase classname="com.MavenActi.programs.Assignment7" name="launchBrowser" time="3.159"/>
  <testcase classname="com.MavenActi.programs.Assignment7" name="navigate" time="7.351"/>
  <testcase classname="com.MavenActi.programs.Assignment7" name="login" time="5.655"/>
  <testcase classname="com.MavenActi.programs.Assignment7" name="minimizeFlyOutwindow" time="2.177"/>
  <testcase classname="com.MavenActi.programs.Assignment7" name="addCustomer" time="15.825"/>
  <testcase classname="com.MavenActi.programs.Assignment7" name="creatProject" time="1.177"/>
  <testcase classname="com.MavenActi.programs.Assignment7" name="ModifyProject" time="0.047"/>
  <testcase classname="com.MavenActi.programs.Assignment7" name="DeleteProject" time="1.175"/>
  <testcase classname="com.MavenActi.programs.Assignment7" name="logout" time="1.177"/>
  <testcase classname="com.MavenActi.programs.Assignment7" name="closeApp" time="0.737"/>
  <testcase classname="com.MavenActi.programs.Assignment8" name="launchBrowser" time="2.562"/>
  <testcase classname="com.MavenActi.programs.Assignment8" name="navigate" time="7.336"/>
  <testcase classname="com.MavenActi.programs.Assignment8" name="login" time="5.851"/>
  <testcase classname="com.MavenActi.programs.Assignment8" name="minimizeFlyOutwindow" time="2.703"/>
  <testcase classname="com.MavenActi.programs.Assignment8" name="addCustomer" time="18.203"/>
  <testcase classname="com.MavenActi.programs.Assignment8" name="creatProject" time="12.753"/>
  <testcase classname="com.MavenActi.programs.Assignment8" name="CreatTask" time="12.01"/>
  <testcase classname="com.MavenActi.programs.Assignment8" name="deleteCustomer" time="12.782"/>
  <testcase classname="com.MavenActi.programs.Assignment8" name="logout" time="2.928"/>
  <testcase classname="com.MavenActi.programs.Assignment8" name="closeApp" time="0.867"/>
</testsuite> <!-- Users> -->
