<?xml version="1.0" encoding="UTF-8"?>
<testng-results ignored="0" total="63" passed="63" failed="0" skipped="0">
  <reporter-output>
  </reporter-output>
  <suite started-at="2022-11-12T15:59:51 IST" name="testcases" finished-at="2022-11-12T16:05:33 IST" duration-ms="341985">
    <groups>
    </groups>
    <test started-at="2022-11-12T15:59:51 IST" name="Users&gt;" finished-at="2022-11-12T16:05:33 IST" duration-ms="341985">
      <class name="com.MavenActi.programs.Assignment2">
        <test-method signature="launchBrowser()[pri:1, instance:com.MavenActi.programs.Assignment2@4943defe]" started-at="2022-11-12T16:00:50 IST" name="launchBrowser" finished-at="2022-11-12T16:00:53 IST" duration-ms="3267" status="PASS">
          <reporter-output>
          </reporter-output>
        </test-method> <!-- launchBrowser -->
        <test-method signature="navigate()[pri:2, instance:com.MavenActi.programs.Assignment2@4943defe]" started-at="2022-11-12T16:00:53 IST" name="navigate" finished-at="2022-11-12T16:01:00 IST" duration-ms="7155" status="PASS">
          <reporter-output>
          </reporter-output>
        </test-method> <!-- navigate -->
        <test-method signature="login(java.lang.String,java.lang.String)[pri:3, instance:com.MavenActi.programs.Assignment2@4943defe]" started-at="2022-11-12T16:01:00 IST" name="login" data-provider="login" finished-at="2022-11-12T16:01:06 IST" duration-ms="5730" status="PASS">
          <params>
            <param index="0">
              <value>
                <![CDATA[admin]]>
              </value>
            </param>
            <param index="1">
              <value>
                <![CDATA[manager]]>
              </value>
            </param>
          </params>
          <reporter-output>
          </reporter-output>
        </test-method> <!-- login -->
        <test-method signature="minimizeFlyOutwindow()[pri:4, instance:com.MavenActi.programs.Assignment2@4943defe]" started-at="2022-11-12T16:01:06 IST" name="minimizeFlyOutwindow" finished-at="2022-11-12T16:01:08 IST" duration-ms="2580" status="PASS">
          <reporter-output>
          </reporter-output>
        </test-method> <!-- minimizeFlyOutwindow -->
        <test-method signature="createUser(java.lang.String,java.lang.String,java.lang.String,java.lang.String,java.lang.String,java.lang.String,java.lang.String)[pri:5, instance:com.MavenActi.programs.Assignment2@4943defe]" started-at="2022-11-12T16:01:08 IST" name="createUser" data-provider="createUser" finished-at="2022-11-12T16:01:28 IST" duration-ms="19557" status="PASS">
          <params>
            <param index="0">
              <value>
                <![CDATA[demo]]>
              </value>
            </param>
            <param index="1">
              <value>
                <![CDATA[A]]>
              </value>
            </param>
            <param index="2">
              <value>
                <![CDATA[User1]]>
              </value>
            </param>
            <param index="3">
              <value>
                <![CDATA[demo@gmail.com]]>
              </value>
            </param>
            <param index="4">
              <value>
                <![CDATA[demoUser1]]>
              </value>
            </param>
            <param index="5">
              <value>
                <![CDATA[1234]]>
              </value>
            </param>
            <param index="6">
              <value>
                <![CDATA[1234]]>
              </value>
            </param>
          </params>
          <reporter-output>
          </reporter-output>
        </test-method> <!-- createUser -->
        <test-method signature="deleteUser()[pri:6, instance:com.MavenActi.programs.Assignment2@4943defe]" started-at="2022-11-12T16:01:28 IST" name="deleteUser" finished-at="2022-11-12T16:01:34 IST" duration-ms="6530" status="PASS">
          <reporter-output>
          </reporter-output>
        </test-method> <!-- deleteUser -->
        <test-method signature="modifyuser(java.lang.String,java.lang.String)[pri:6, instance:com.MavenActi.programs.Assignment2@4943defe]" started-at="2022-11-12T16:01:34 IST" name="modifyuser" data-provider=" modifyuser" finished-at="2022-11-12T16:01:35 IST" duration-ms="170" status="PASS">
          <params>
            <param index="0">
              <value>
                <![CDATA[432]]>
              </value>
            </param>
            <param index="1">
              <value>
                <![CDATA[432]]>
              </value>
            </param>
          </params>
          <reporter-output>
          </reporter-output>
        </test-method> <!-- modifyuser -->
        <test-method signature="logout()[pri:7, instance:com.MavenActi.programs.Assignment2@4943defe]" started-at="2022-11-12T16:01:35 IST" name="logout" finished-at="2022-11-12T16:01:38 IST" duration-ms="2871" status="PASS">
          <reporter-output>
          </reporter-output>
        </test-method> <!-- logout -->
        <test-method signature="closeApp()[pri:8, instance:com.MavenActi.programs.Assignment2@4943defe]" started-at="2022-11-12T16:01:38 IST" name="closeApp" finished-at="2022-11-12T16:01:38 IST" duration-ms="604" status="PASS">
          <reporter-output>
          </reporter-output>
        </test-method> <!-- closeApp -->
      </class> <!-- com.MavenActi.programs.Assignment2 -->
      <class name="com.MavenActi.programs.Assignment1">
        <test-method signature="launchBrowser()[pri:1, instance:com.MavenActi.programs.Assignment1@60297f36]" started-at="2022-11-12T15:59:52 IST" name="launchBrowser" finished-at="2022-11-12T16:00:02 IST" duration-ms="10692" status="PASS">
          <reporter-output>
          </reporter-output>
        </test-method> <!-- launchBrowser -->
        <test-method signature="navigate()[pri:2, instance:com.MavenActi.programs.Assignment1@60297f36]" started-at="2022-11-12T16:00:02 IST" name="navigate" finished-at="2022-11-12T16:00:11 IST" duration-ms="8091" status="PASS">
          <reporter-output>
          </reporter-output>
        </test-method> <!-- navigate -->
        <test-method signature="login(java.lang.String,java.lang.String)[pri:3, instance:com.MavenActi.programs.Assignment1@60297f36]" started-at="2022-11-12T16:00:11 IST" name="login" data-provider="login" finished-at="2022-11-12T16:00:17 IST" duration-ms="6297" status="PASS">
          <params>
            <param index="0">
              <value>
                <![CDATA[admin]]>
              </value>
            </param>
            <param index="1">
              <value>
                <![CDATA[manager]]>
              </value>
            </param>
          </params>
          <reporter-output>
          </reporter-output>
        </test-method> <!-- login -->
        <test-method signature="minimizeFlyOutwindow()[pri:4, instance:com.MavenActi.programs.Assignment1@60297f36]" started-at="2022-11-12T16:00:17 IST" name="minimizeFlyOutwindow" finished-at="2022-11-12T16:00:20 IST" duration-ms="2736" status="PASS">
          <reporter-output>
          </reporter-output>
        </test-method> <!-- minimizeFlyOutwindow -->
        <test-method signature="createUser(java.lang.String,java.lang.String,java.lang.String,java.lang.String,java.lang.String,java.lang.String,java.lang.String)[pri:5, instance:com.MavenActi.programs.Assignment1@60297f36]" started-at="2022-11-12T16:00:20 IST" name="createUser" data-provider="createUser" finished-at="2022-11-12T16:00:39 IST" duration-ms="19655" status="PASS">
          <params>
            <param index="0">
              <value>
                <![CDATA[demo]]>
              </value>
            </param>
            <param index="1">
              <value>
                <![CDATA[A]]>
              </value>
            </param>
            <param index="2">
              <value>
                <![CDATA[User1]]>
              </value>
            </param>
            <param index="3">
              <value>
                <![CDATA[demo@gmail.com]]>
              </value>
            </param>
            <param index="4">
              <value>
                <![CDATA[demoUser1]]>
              </value>
            </param>
            <param index="5">
              <value>
                <![CDATA[1234]]>
              </value>
            </param>
            <param index="6">
              <value>
                <![CDATA[1234]]>
              </value>
            </param>
          </params>
          <reporter-output>
          </reporter-output>
        </test-method> <!-- createUser -->
        <test-method signature="deleteUser()[pri:6, instance:com.MavenActi.programs.Assignment1@60297f36]" started-at="2022-11-12T16:00:39 IST" name="deleteUser" finished-at="2022-11-12T16:00:46 IST" duration-ms="6586" status="PASS">
          <reporter-output>
          </reporter-output>
        </test-method> <!-- deleteUser -->
        <test-method signature="logout()[pri:7, instance:com.MavenActi.programs.Assignment1@60297f36]" started-at="2022-11-12T16:00:46 IST" name="logout" finished-at="2022-11-12T16:00:49 IST" duration-ms="2746" status="PASS">
          <reporter-output>
          </reporter-output>
        </test-method> <!-- logout -->
        <test-method signature="closeApp()[pri:8, instance:com.MavenActi.programs.Assignment1@60297f36]" started-at="2022-11-12T16:00:49 IST" name="closeApp" finished-at="2022-11-12T16:00:49 IST" duration-ms="799" status="PASS">
          <reporter-output>
          </reporter-output>
        </test-method> <!-- closeApp -->
      </class> <!-- com.MavenActi.programs.Assignment1 -->
      <class name="com.MavenActi.programs.Assignment8">
        <test-method signature="launchBrowser()[pri:1, instance:com.MavenActi.programs.Assignment8@cda4919]" started-at="2022-11-12T16:04:15 IST" name="launchBrowser" finished-at="2022-11-12T16:04:19 IST" duration-ms="3710" status="PASS">
          <reporter-output>
          </reporter-output>
        </test-method> <!-- launchBrowser -->
        <test-method signature="navigate()[pri:2, instance:com.MavenActi.programs.Assignment8@cda4919]" started-at="2022-11-12T16:04:19 IST" name="navigate" finished-at="2022-11-12T16:04:26 IST" duration-ms="7445" status="PASS">
          <reporter-output>
          </reporter-output>
        </test-method> <!-- navigate -->
        <test-method signature="login(java.lang.String,java.lang.String)[pri:3, instance:com.MavenActi.programs.Assignment8@cda4919]" started-at="2022-11-12T16:04:26 IST" name="login" data-provider="login" finished-at="2022-11-12T16:04:32 IST" duration-ms="5953" status="PASS">
          <params>
            <param index="0">
              <value>
                <![CDATA[admin]]>
              </value>
            </param>
            <param index="1">
              <value>
                <![CDATA[manager]]>
              </value>
            </param>
          </params>
          <reporter-output>
          </reporter-output>
        </test-method> <!-- login -->
        <test-method signature="minimizeFlyOutwindow()[pri:4, instance:com.MavenActi.programs.Assignment8@cda4919]" started-at="2022-11-12T16:04:32 IST" name="minimizeFlyOutwindow" finished-at="2022-11-12T16:04:34 IST" duration-ms="2218" status="PASS">
          <reporter-output>
          </reporter-output>
        </test-method> <!-- minimizeFlyOutwindow -->
        <test-method signature="addCustomer(java.lang.String)[pri:5, instance:com.MavenActi.programs.Assignment8@cda4919]" started-at="2022-11-12T16:04:34 IST" name="addCustomer" data-provider="addCustomer" finished-at="2022-11-12T16:04:52 IST" duration-ms="17784" status="PASS">
          <params>
            <param index="0">
              <value>
                <![CDATA[Isro]]>
              </value>
            </param>
          </params>
          <reporter-output>
          </reporter-output>
        </test-method> <!-- addCustomer -->
        <test-method signature="creatProject(java.lang.String)[pri:6, instance:com.MavenActi.programs.Assignment8@cda4919]" started-at="2022-11-12T16:04:52 IST" name="creatProject" data-provider="createProject" finished-at="2022-11-12T16:05:05 IST" duration-ms="12843" status="PASS">
          <params>
            <param index="0">
              <value>
                <![CDATA[Gaganayana]]>
              </value>
            </param>
          </params>
          <reporter-output>
          </reporter-output>
        </test-method> <!-- creatProject -->
        <test-method signature="CreatTask(java.lang.String)[pri:7, instance:com.MavenActi.programs.Assignment8@cda4919]" started-at="2022-11-12T16:05:05 IST" name="CreatTask" data-provider="Createtask" finished-at="2022-11-12T16:05:17 IST" duration-ms="12119" status="PASS">
          <params>
            <param index="0">
              <value>
                <![CDATA[NewTask]]>
              </value>
            </param>
          </params>
          <reporter-output>
          </reporter-output>
        </test-method> <!-- CreatTask -->
        <test-method signature="deleteCustomer()[pri:7, instance:com.MavenActi.programs.Assignment8@cda4919]" started-at="2022-11-12T16:05:17 IST" name="deleteCustomer" finished-at="2022-11-12T16:05:30 IST" duration-ms="12731" status="PASS">
          <reporter-output>
          </reporter-output>
        </test-method> <!-- deleteCustomer -->
        <test-method signature="logout()[pri:7, instance:com.MavenActi.programs.Assignment8@cda4919]" started-at="2022-11-12T16:05:30 IST" name="logout" finished-at="2022-11-12T16:05:33 IST" duration-ms="2798" status="PASS">
          <reporter-output>
          </reporter-output>
        </test-method> <!-- logout -->
        <test-method signature="closeApp()[pri:8, instance:com.MavenActi.programs.Assignment8@cda4919]" started-at="2022-11-12T16:05:33 IST" name="closeApp" finished-at="2022-11-12T16:05:33 IST" duration-ms="792" status="PASS">
          <reporter-output>
          </reporter-output>
        </test-method> <!-- closeApp -->
      </class> <!-- com.MavenActi.programs.Assignment8 -->
      <class name="com.MavenActi.programs.Assignment7">
        <test-method signature="launchBrowser()[pri:1, instance:com.MavenActi.programs.Assignment7@2fb69ff6]" started-at="2022-11-12T16:03:37 IST" name="launchBrowser" finished-at="2022-11-12T16:03:39 IST" duration-ms="2651" status="PASS">
          <reporter-output>
          </reporter-output>
        </test-method> <!-- launchBrowser -->
        <test-method signature="navigate()[pri:2, instance:com.MavenActi.programs.Assignment7@2fb69ff6]" started-at="2022-11-12T16:03:39 IST" name="navigate" finished-at="2022-11-12T16:03:47 IST" duration-ms="7103" status="PASS">
          <reporter-output>
          </reporter-output>
        </test-method> <!-- navigate -->
        <test-method signature="login(java.lang.String,java.lang.String)[pri:3, instance:com.MavenActi.programs.Assignment7@2fb69ff6]" started-at="2022-11-12T16:03:47 IST" name="login" data-provider="login" finished-at="2022-11-12T16:03:52 IST" duration-ms="5681" status="PASS">
          <params>
            <param index="0">
              <value>
                <![CDATA[admin]]>
              </value>
            </param>
            <param index="1">
              <value>
                <![CDATA[manager]]>
              </value>
            </param>
          </params>
          <reporter-output>
          </reporter-output>
        </test-method> <!-- login -->
        <test-method signature="minimizeFlyOutwindow()[pri:4, instance:com.MavenActi.programs.Assignment7@2fb69ff6]" started-at="2022-11-12T16:03:52 IST" name="minimizeFlyOutwindow" finished-at="2022-11-12T16:03:55 IST" duration-ms="2251" status="PASS">
          <reporter-output>
          </reporter-output>
        </test-method> <!-- minimizeFlyOutwindow -->
        <test-method signature="addCustomer(java.lang.String)[pri:5, instance:com.MavenActi.programs.Assignment7@2fb69ff6]" started-at="2022-11-12T16:03:55 IST" name="addCustomer" data-provider="addCustomer" finished-at="2022-11-12T16:04:10 IST" duration-ms="15762" status="PASS">
          <params>
            <param index="0">
              <value>
                <![CDATA[Akash]]>
              </value>
            </param>
          </params>
          <reporter-output>
          </reporter-output>
        </test-method> <!-- addCustomer -->
        <test-method signature="creatProject(java.lang.String)[pri:6, instance:com.MavenActi.programs.Assignment7@2fb69ff6]" started-at="2022-11-12T16:04:10 IST" name="creatProject" data-provider="createProject" finished-at="2022-11-12T16:04:11 IST" duration-ms="1153" status="PASS">
          <params>
            <param index="0">
              <value>
                <![CDATA[Gaganayana]]>
              </value>
            </param>
          </params>
          <reporter-output>
          </reporter-output>
        </test-method> <!-- creatProject -->
        <test-method signature="ModifyProject()[pri:7, instance:com.MavenActi.programs.Assignment7@2fb69ff6]" started-at="2022-11-12T16:04:11 IST" name="ModifyProject" finished-at="2022-11-12T16:04:12 IST" duration-ms="60" status="PASS">
          <reporter-output>
          </reporter-output>
        </test-method> <!-- ModifyProject -->
        <test-method signature="DeleteProject()[pri:8, instance:com.MavenActi.programs.Assignment7@2fb69ff6]" started-at="2022-11-12T16:04:12 IST" name="DeleteProject" finished-at="2022-11-12T16:04:13 IST" duration-ms="1189" status="PASS">
          <reporter-output>
          </reporter-output>
        </test-method> <!-- DeleteProject -->
        <test-method signature="logout()[pri:9, instance:com.MavenActi.programs.Assignment7@2fb69ff6]" started-at="2022-11-12T16:04:13 IST" name="logout" finished-at="2022-11-12T16:04:14 IST" duration-ms="1233" status="PASS">
          <reporter-output>
          </reporter-output>
        </test-method> <!-- logout -->
        <test-method signature="closeApp()[pri:10, instance:com.MavenActi.programs.Assignment7@2fb69ff6]" started-at="2022-11-12T16:04:14 IST" name="closeApp" finished-at="2022-11-12T16:04:15 IST" duration-ms="953" status="PASS">
          <reporter-output>
          </reporter-output>
        </test-method> <!-- closeApp -->
      </class> <!-- com.MavenActi.programs.Assignment7 -->
      <class name="com.MavenActi.programs.Assignment6">
        <test-method signature="launchBrowser()[pri:1, instance:com.MavenActi.programs.Assignment6@78d50a3c]" started-at="2022-11-12T16:02:57 IST" name="launchBrowser" finished-at="2022-11-12T16:03:00 IST" duration-ms="2567" status="PASS">
          <reporter-output>
          </reporter-output>
        </test-method> <!-- launchBrowser -->
        <test-method signature="navigate()[pri:2, instance:com.MavenActi.programs.Assignment6@78d50a3c]" started-at="2022-11-12T16:03:00 IST" name="navigate" finished-at="2022-11-12T16:03:08 IST" duration-ms="8446" status="PASS">
          <reporter-output>
          </reporter-output>
        </test-method> <!-- navigate -->
        <test-method signature="login(java.lang.String,java.lang.String)[pri:3, instance:com.MavenActi.programs.Assignment6@78d50a3c]" started-at="2022-11-12T16:03:08 IST" name="login" data-provider="login" finished-at="2022-11-12T16:03:14 IST" duration-ms="5656" status="PASS">
          <params>
            <param index="0">
              <value>
                <![CDATA[admin]]>
              </value>
            </param>
            <param index="1">
              <value>
                <![CDATA[manager]]>
              </value>
            </param>
          </params>
          <reporter-output>
          </reporter-output>
        </test-method> <!-- login -->
        <test-method signature="minimizeFlyOutwindow()[pri:4, instance:com.MavenActi.programs.Assignment6@78d50a3c]" started-at="2022-11-12T16:03:14 IST" name="minimizeFlyOutwindow" finished-at="2022-11-12T16:03:16 IST" duration-ms="2312" status="PASS">
          <reporter-output>
          </reporter-output>
        </test-method> <!-- minimizeFlyOutwindow -->
        <test-method signature="addCustomer(java.lang.String)[pri:5, instance:com.MavenActi.programs.Assignment6@78d50a3c]" started-at="2022-11-12T16:03:16 IST" name="addCustomer" data-provider="addCustomer" finished-at="2022-11-12T16:03:32 IST" duration-ms="16021" status="PASS">
          <params>
            <param index="0">
              <value>
                <![CDATA[Akash]]>
              </value>
            </param>
          </params>
          <reporter-output>
          </reporter-output>
        </test-method> <!-- addCustomer -->
        <test-method signature="creatProject(java.lang.String)[pri:6, instance:com.MavenActi.programs.Assignment6@78d50a3c]" started-at="2022-11-12T16:03:32 IST" name="creatProject" data-provider="createProject" finished-at="2022-11-12T16:03:33 IST" duration-ms="1228" status="PASS">
          <params>
            <param index="0">
              <value>
                <![CDATA[Gaganayana]]>
              </value>
            </param>
          </params>
          <reporter-output>
          </reporter-output>
        </test-method> <!-- creatProject -->
        <test-method signature="deleteProject()[pri:7, instance:com.MavenActi.programs.Assignment6@78d50a3c]" started-at="2022-11-12T16:03:33 IST" name="deleteProject" finished-at="2022-11-12T16:03:35 IST" duration-ms="1247" status="PASS">
          <reporter-output>
          </reporter-output>
        </test-method> <!-- deleteProject -->
        <test-method signature="logout()[pri:8, instance:com.MavenActi.programs.Assignment6@78d50a3c]" started-at="2022-11-12T16:03:35 IST" name="logout" finished-at="2022-11-12T16:03:36 IST" duration-ms="1328" status="PASS">
          <reporter-output>
          </reporter-output>
        </test-method> <!-- logout -->
        <test-method signature="closeApp()[pri:9, instance:com.MavenActi.programs.Assignment6@78d50a3c]" started-at="2022-11-12T16:03:36 IST" name="closeApp" finished-at="2022-11-12T16:03:37 IST" duration-ms="755" status="PASS">
          <reporter-output>
          </reporter-output>
        </test-method> <!-- closeApp -->
      </class> <!-- com.MavenActi.programs.Assignment6 -->
      <class name="com.MavenActi.programs.Assignment5">
        <test-method signature="launchBrowser()[pri:1, instance:com.MavenActi.programs.Assignment5@181d7f28]" started-at="2022-11-12T16:02:18 IST" name="launchBrowser" finished-at="2022-11-12T16:02:20 IST" duration-ms="2640" status="PASS">
          <reporter-output>
          </reporter-output>
        </test-method> <!-- launchBrowser -->
        <test-method signature="navigate()[pri:2, instance:com.MavenActi.programs.Assignment5@181d7f28]" started-at="2022-11-12T16:02:20 IST" name="navigate" finished-at="2022-11-12T16:02:28 IST" duration-ms="7563" status="PASS">
          <reporter-output>
          </reporter-output>
        </test-method> <!-- navigate -->
        <test-method signature="login(java.lang.String,java.lang.String)[pri:3, instance:com.MavenActi.programs.Assignment5@181d7f28]" started-at="2022-11-12T16:02:28 IST" name="login" data-provider="login" finished-at="2022-11-12T16:02:34 IST" duration-ms="5713" status="PASS">
          <params>
            <param index="0">
              <value>
                <![CDATA[admin]]>
              </value>
            </param>
            <param index="1">
              <value>
                <![CDATA[manager]]>
              </value>
            </param>
          </params>
          <reporter-output>
          </reporter-output>
        </test-method> <!-- login -->
        <test-method signature="minimizeFlyOutwindow()[pri:4, instance:com.MavenActi.programs.Assignment5@181d7f28]" started-at="2022-11-12T16:02:34 IST" name="minimizeFlyOutwindow" finished-at="2022-11-12T16:02:36 IST" duration-ms="2201" status="PASS">
          <reporter-output>
          </reporter-output>
        </test-method> <!-- minimizeFlyOutwindow -->
        <test-method signature="addCustomer(java.lang.String)[pri:5, instance:com.MavenActi.programs.Assignment5@181d7f28]" started-at="2022-11-12T16:02:36 IST" name="addCustomer" data-provider="addCustomer" finished-at="2022-11-12T16:02:53 IST" duration-ms="16943" status="PASS">
          <params>
            <param index="0">
              <value>
                <![CDATA[Akash]]>
              </value>
            </param>
          </params>
          <reporter-output>
          </reporter-output>
        </test-method> <!-- addCustomer -->
        <test-method signature="modifyCustomer()[pri:6, instance:com.MavenActi.programs.Assignment5@181d7f28]" started-at="2022-11-12T16:02:53 IST" name="modifyCustomer" finished-at="2022-11-12T16:02:54 IST" duration-ms="1122" status="PASS">
          <reporter-output>
          </reporter-output>
        </test-method> <!-- modifyCustomer -->
        <test-method signature="deleteCustomer()[pri:7, instance:com.MavenActi.programs.Assignment5@181d7f28]" started-at="2022-11-12T16:02:54 IST" name="deleteCustomer" finished-at="2022-11-12T16:02:55 IST" duration-ms="1186" status="PASS">
          <reporter-output>
          </reporter-output>
        </test-method> <!-- deleteCustomer -->
        <test-method signature="logout()[pri:8, instance:com.MavenActi.programs.Assignment5@181d7f28]" started-at="2022-11-12T16:02:55 IST" name="logout" finished-at="2022-11-12T16:02:56 IST" duration-ms="1258" status="PASS">
          <reporter-output>
          </reporter-output>
        </test-method> <!-- logout -->
        <test-method signature="closeApp()[pri:9, instance:com.MavenActi.programs.Assignment5@181d7f28]" started-at="2022-11-12T16:02:56 IST" name="closeApp" finished-at="2022-11-12T16:02:57 IST" duration-ms="712" status="PASS">
          <reporter-output>
          </reporter-output>
        </test-method> <!-- closeApp -->
      </class> <!-- com.MavenActi.programs.Assignment5 -->
      <class name="com.MavenActi.programs.Assignment4">
        <test-method signature="launchBrowser()[pri:1, instance:com.MavenActi.programs.Assignment4@5eefa415]" started-at="2022-11-12T16:01:38 IST" name="launchBrowser" finished-at="2022-11-12T16:01:41 IST" duration-ms="3317" status="PASS">
          <reporter-output>
          </reporter-output>
        </test-method> <!-- launchBrowser -->
        <test-method signature="navigate()[pri:2, instance:com.MavenActi.programs.Assignment4@5eefa415]" started-at="2022-11-12T16:01:41 IST" name="navigate" finished-at="2022-11-12T16:01:49 IST" duration-ms="7347" status="PASS">
          <reporter-output>
          </reporter-output>
        </test-method> <!-- navigate -->
        <test-method signature="login(java.lang.String,java.lang.String)[pri:3, instance:com.MavenActi.programs.Assignment4@5eefa415]" started-at="2022-11-12T16:01:49 IST" name="login" data-provider="login" finished-at="2022-11-12T16:01:55 IST" duration-ms="5664" status="PASS">
          <params>
            <param index="0">
              <value>
                <![CDATA[admin]]>
              </value>
            </param>
            <param index="1">
              <value>
                <![CDATA[manager]]>
              </value>
            </param>
          </params>
          <reporter-output>
          </reporter-output>
        </test-method> <!-- login -->
        <test-method signature="minimizeFlyOutwindow()[pri:4, instance:com.MavenActi.programs.Assignment4@5eefa415]" started-at="2022-11-12T16:01:55 IST" name="minimizeFlyOutwindow" finished-at="2022-11-12T16:01:57 IST" duration-ms="2235" status="PASS">
          <reporter-output>
          </reporter-output>
        </test-method> <!-- minimizeFlyOutwindow -->
        <test-method signature="addCustomer(java.lang.String)[pri:5, instance:com.MavenActi.programs.Assignment4@5eefa415]" started-at="2022-11-12T16:01:57 IST" name="addCustomer" data-provider="addCustomer" finished-at="2022-11-12T16:02:14 IST" duration-ms="17493" status="PASS">
          <params>
            <param index="0">
              <value>
                <![CDATA[Akash]]>
              </value>
            </param>
          </params>
          <reporter-output>
          </reporter-output>
        </test-method> <!-- addCustomer -->
        <test-method signature="deleteCustomer()[pri:6, instance:com.MavenActi.programs.Assignment4@5eefa415]" started-at="2022-11-12T16:02:14 IST" name="deleteCustomer" finished-at="2022-11-12T16:02:16 IST" duration-ms="1218" status="PASS">
          <reporter-output>
          </reporter-output>
        </test-method> <!-- deleteCustomer -->
        <test-method signature="logout()[pri:7, instance:com.MavenActi.programs.Assignment4@5eefa415]" started-at="2022-11-12T16:02:16 IST" name="logout" finished-at="2022-11-12T16:02:17 IST" duration-ms="1220" status="PASS">
          <reporter-output>
          </reporter-output>
        </test-method> <!-- logout -->
        <test-method signature="closeApp()[pri:8, instance:com.MavenActi.programs.Assignment4@5eefa415]" started-at="2022-11-12T16:02:17 IST" name="closeApp" finished-at="2022-11-12T16:02:18 IST" duration-ms="898" status="PASS">
          <reporter-output>
          </reporter-output>
        </test-method> <!-- closeApp -->
      </class> <!-- com.MavenActi.programs.Assignment4 -->
    </test> <!-- Users> -->
  </suite> <!-- testcases -->
</testng-results>
