<?xml version="1.0" encoding="UTF-8"?>
<!-- Generated by org.testng.reporters.JUnitXMLReporter -->
<testsuite ignored="0" hostname="DESKTOP-V9SCI2U" failures="0" tests="3" name="Default test" time="0.238" errors="0" timestamp="2022-11-09T14:12:41 IST">
  <testcase classname="com.sgtesting.products.Products" name="createProduct" time="0.022"/>
  <testcase classname="com.sgtesting.products.Products" name="deleteProduct" time="0.006"/>
  <testcase classname="com.sgtesting.products.Products" name="modifyProduct" time="0.008"/>
</testsuite> <!-- Default test -->
