<?xml version="1.0" encoding="UTF-8"?>
<!-- Generated by org.testng.reporters.JUnitXMLReporter -->
<testsuite hostname="DESKTOP-V9SCI2U" ignored="0" name="Default test" tests="6" failures="0" timestamp="2022-11-25T12:49:08 IST" time="33.026" errors="0">
  <testcase name="launchBrowser" time="9.374" classname="com.sgtesting.actitime.LoginLogoutDemo"/>
  <testcase name="navigate" time="8.239" classname="com.sgtesting.actitime.LoginLogoutDemo"/>
  <testcase name="login" time="6.034" classname="com.sgtesting.actitime.LoginLogoutDemo"/>
  <testcase name="minimizeFlyOutwindow" time="2.33" classname="com.sgtesting.actitime.LoginLogoutDemo"/>
  <testcase name="logout" time="4.394" classname="com.sgtesting.actitime.LoginLogoutDemo"/>
  <testcase name="closeApp" time="2.472" classname="com.sgtesting.actitime.LoginLogoutDemo"/>
</testsuite> <!-- Default test -->
