<?xml version="1.0" encoding="UTF-8"?>
<!-- Generated by org.testng.reporters.JUnitXMLReporter -->
<testsuite ignored="0" hostname="DESKTOP-V9SCI2U" failures="0" tests="3" name="Users&gt;" time="0.413" errors="0" timestamp="2022-11-10T13:40:51 IST">
  <testcase classname="com.sgtesting.testcases.Users" name="createUser" time="0.04"/>
  <testcase classname="com.sgtesting.testcases.Users" name="deleteUser" time="0.007"/>
  <testcase classname="com.sgtesting.testcases.Users" name="modifyUser" time="0.045"/>
</testsuite> <!-- Users> -->
