<?xml version="1.0" encoding="UTF-8"?>
<!-- Generated by org.testng.reporters.JUnitXMLReporter -->
<testsuite ignored="0" hostname="DESKTOP-V9SCI2U" failures="0" tests="63" name="Users&gt;" time="341.985" errors="0" timestamp="2022-11-12T16:05:33 IST">
  <testcase classname="com.MavenActi.programs.Assignment1" name="launchBrowser" time="10.692"/>
  <testcase classname="com.MavenActi.programs.Assignment1" name="navigate" time="8.091"/>
  <testcase classname="com.MavenActi.programs.Assignment1" name="login" time="6.297"/>
  <testcase classname="com.MavenActi.programs.Assignment1" name="minimizeFlyOutwindow" time="2.736"/>
  <testcase classname="com.MavenActi.programs.Assignment1" name="createUser" time="19.655"/>
  <testcase classname="com.MavenActi.programs.Assignment1" name="deleteUser" time="6.586"/>
  <testcase classname="com.MavenActi.programs.Assignment1" name="logout" time="2.746"/>
  <testcase classname="com.MavenActi.programs.Assignment1" name="closeApp" time="0.799"/>
  <testcase classname="com.MavenActi.programs.Assignment2" name="launchBrowser" time="3.267"/>
  <testcase classname="com.MavenActi.programs.Assignment2" name="navigate" time="7.155"/>
  <testcase classname="com.MavenActi.programs.Assignment2" name="login" time="5.73"/>
  <testcase classname="com.MavenActi.programs.Assignment2" name="minimizeFlyOutwindow" time="2.58"/>
  <testcase classname="com.MavenActi.programs.Assignment2" name="createUser" time="19.557"/>
  <testcase classname="com.MavenActi.programs.Assignment2" name="deleteUser" time="6.53"/>
  <testcase classname="com.MavenActi.programs.Assignment2" name="modifyuser" time="0.17"/>
  <testcase classname="com.MavenActi.programs.Assignment2" name="logout" time="2.871"/>
  <testcase classname="com.MavenActi.programs.Assignment2" name="closeApp" time="0.604"/>
  <testcase classname="com.MavenActi.programs.Assignment4" name="launchBrowser" time="3.317"/>
  <testcase classname="com.MavenActi.programs.Assignment4" name="navigate" time="7.347"/>
  <testcase classname="com.MavenActi.programs.Assignment4" name="login" time="5.664"/>
  <testcase classname="com.MavenActi.programs.Assignment4" name="minimizeFlyOutwindow" time="2.235"/>
  <testcase classname="com.MavenActi.programs.Assignment4" name="addCustomer" time="17.493"/>
  <testcase classname="com.MavenActi.programs.Assignment4" name="deleteCustomer" time="1.218"/>
  <testcase classname="com.MavenActi.programs.Assignment4" name="logout" time="1.22"/>
  <testcase classname="com.MavenActi.programs.Assignment4" name="closeApp" time="0.898"/>
  <testcase classname="com.MavenActi.programs.Assignment5" name="launchBrowser" time="2.64"/>
  <testcase classname="com.MavenActi.programs.Assignment5" name="navigate" time="7.563"/>
  <testcase classname="com.MavenActi.programs.Assignment5" name="login" time="5.713"/>
  <testcase classname="com.MavenActi.programs.Assignment5" name="minimizeFlyOutwindow" time="2.201"/>
  <testcase classname="com.MavenActi.programs.Assignment5" name="addCustomer" time="16.943"/>
  <testcase classname="com.MavenActi.programs.Assignment5" name="modifyCustomer" time="1.122"/>
  <testcase classname="com.MavenActi.programs.Assignment5" name="deleteCustomer" time="1.186"/>
  <testcase classname="com.MavenActi.programs.Assignment5" name="logout" time="1.258"/>
  <testcase classname="com.MavenActi.programs.Assignment5" name="closeApp" time="0.712"/>
  <testcase classname="com.MavenActi.programs.Assignment6" name="launchBrowser" time="2.567"/>
  <testcase classname="com.MavenActi.programs.Assignment6" name="navigate" time="8.446"/>
  <testcase classname="com.MavenActi.programs.Assignment6" name="login" time="5.656"/>
  <testcase classname="com.MavenActi.programs.Assignment6" name="minimizeFlyOutwindow" time="2.312"/>
  <testcase classname="com.MavenActi.programs.Assignment6" name="addCustomer" time="16.021"/>
  <testcase classname="com.MavenActi.programs.Assignment6" name="creatProject" time="1.228"/>
  <testcase classname="com.MavenActi.programs.Assignment6" name="deleteProject" time="1.247"/>
  <testcase classname="com.MavenActi.programs.Assignment6" name="logout" time="1.328"/>
  <testcase classname="com.MavenActi.programs.Assignment6" name="closeApp" time="0.755"/>
  <testcase classname="com.MavenActi.programs.Assignment7" name="launchBrowser" time="2.651"/>
  <testcase classname="com.MavenActi.programs.Assignment7" name="navigate" time="7.103"/>
  <testcase classname="com.MavenActi.programs.Assignment7" name="login" time="5.681"/>
  <testcase classname="com.MavenActi.programs.Assignment7" name="minimizeFlyOutwindow" time="2.251"/>
  <testcase classname="com.MavenActi.programs.Assignment7" name="addCustomer" time="15.762"/>
  <testcase classname="com.MavenActi.programs.Assignment7" name="creatProject" time="1.153"/>
  <testcase classname="com.MavenActi.programs.Assignment7" name="ModifyProject" time="0.06"/>
  <testcase classname="com.MavenActi.programs.Assignment7" name="DeleteProject" time="1.189"/>
  <testcase classname="com.MavenActi.programs.Assignment7" name="logout" time="1.233"/>
  <testcase classname="com.MavenActi.programs.Assignment7" name="closeApp" time="0.953"/>
  <testcase classname="com.MavenActi.programs.Assignment8" name="launchBrowser" time="3.71"/>
  <testcase classname="com.MavenActi.programs.Assignment8" name="navigate" time="7.445"/>
  <testcase classname="com.MavenActi.programs.Assignment8" name="login" time="5.953"/>
  <testcase classname="com.MavenActi.programs.Assignment8" name="minimizeFlyOutwindow" time="2.218"/>
  <testcase classname="com.MavenActi.programs.Assignment8" name="addCustomer" time="17.784"/>
  <testcase classname="com.MavenActi.programs.Assignment8" name="creatProject" time="12.843"/>
  <testcase classname="com.MavenActi.programs.Assignment8" name="CreatTask" time="12.119"/>
  <testcase classname="com.MavenActi.programs.Assignment8" name="deleteCustomer" time="12.731"/>
  <testcase classname="com.MavenActi.programs.Assignment8" name="logout" time="2.798"/>
  <testcase classname="com.MavenActi.programs.Assignment8" name="closeApp" time="0.792"/>
</testsuite> <!-- Users> -->
