<?xml version="1.0" encoding="UTF-8"?>
<testng-results ignored="0" total="6" passed="6" failed="0" skipped="0">
  <reporter-output>
  </reporter-output>
  <suite started-at="2022-11-09T14:15:13 IST" name="Default suite" finished-at="2022-11-09T14:16:03 IST" duration-ms="50704">
    <groups>
    </groups>
    <test started-at="2022-11-09T14:15:13 IST" name="Default test" finished-at="2022-11-09T14:16:03 IST" duration-ms="50704">
      <class name="com.sgtesting.testngscenario.LoginLogoutDemo">
        <test-method signature="launchBrowser()[pri:1, instance:com.sgtesting.testngscenario.LoginLogoutDemo@49bf29c6]" started-at="2022-11-09T14:15:13 IST" name="launchBrowser" finished-at="2022-11-09T14:15:36 IST" duration-ms="22679" status="PASS">
          <reporter-output>
          </reporter-output>
        </test-method> <!-- launchBrowser -->
        <test-method signature="navigate()[pri:2, instance:com.sgtesting.testngscenario.LoginLogoutDemo@49bf29c6]" started-at="2022-11-09T14:15:36 IST" name="navigate" finished-at="2022-11-09T14:15:49 IST" duration-ms="13341" status="PASS">
          <reporter-output>
          </reporter-output>
        </test-method> <!-- navigate -->
        <test-method signature="login(java.lang.String,java.lang.String)[pri:3, instance:com.sgtesting.testngscenario.LoginLogoutDemo@49bf29c6]" started-at="2022-11-09T14:15:49 IST" name="login" data-provider="login" finished-at="2022-11-09T14:15:56 IST" duration-ms="7396" status="PASS">
          <params>
            <param index="0">
              <value>
                <![CDATA[admin]]>
              </value>
            </param>
            <param index="1">
              <value>
                <![CDATA[manager]]>
              </value>
            </param>
          </params>
          <reporter-output>
          </reporter-output>
        </test-method> <!-- login -->
        <test-method signature="minimizeFlyOutwindow()[pri:4, instance:com.sgtesting.testngscenario.LoginLogoutDemo@49bf29c6]" started-at="2022-11-09T14:15:56 IST" name="minimizeFlyOutwindow" finished-at="2022-11-09T14:15:59 IST" duration-ms="2391" status="PASS">
          <reporter-output>
          </reporter-output>
        </test-method> <!-- minimizeFlyOutwindow -->
        <test-method signature="logout()[pri:5, instance:com.sgtesting.testngscenario.LoginLogoutDemo@49bf29c6]" started-at="2022-11-09T14:15:59 IST" name="logout" finished-at="2022-11-09T14:16:02 IST" duration-ms="3055" status="PASS">
          <reporter-output>
          </reporter-output>
        </test-method> <!-- logout -->
        <test-method signature="closeApp()[pri:6, instance:com.sgtesting.testngscenario.LoginLogoutDemo@49bf29c6]" started-at="2022-11-09T14:16:02 IST" name="closeApp" finished-at="2022-11-09T14:16:03 IST" duration-ms="1312" status="PASS">
          <reporter-output>
          </reporter-output>
        </test-method> <!-- closeApp -->
      </class> <!-- com.sgtesting.testngscenario.LoginLogoutDemo -->
    </test> <!-- Default test -->
  </suite> <!-- Default suite -->
</testng-results>
