<?xml version="1.0" encoding="UTF-8"?>
<!-- Generated by org.testng.reporters.JUnitXMLReporter -->
<testsuite ignored="0" hostname="DESKTOP-V9SCI2U" failures="0" tests="63" name="Test cases" time="335.595" errors="0" timestamp="2022-11-12T00:09:47 IST">
  <testcase classname="com.TestNGActitime.programs.Assignment1" name="launchBrowser" time="12.957"/>
  <testcase classname="com.TestNGActitime.programs.Assignment1" name="navigate" time="8.872"/>
  <testcase classname="com.TestNGActitime.programs.Assignment1" name="login" time="9.058"/>
  <testcase classname="com.TestNGActitime.programs.Assignment1" name="minimizeFlyOutwindow" time="2.544"/>
  <testcase classname="com.TestNGActitime.programs.Assignment1" name="createUser" time="16.364"/>
  <testcase classname="com.TestNGActitime.programs.Assignment1" name="deleteUser" time="7.216"/>
  <testcase classname="com.TestNGActitime.programs.Assignment1" name="logout" time="2.85"/>
  <testcase classname="com.TestNGActitime.programs.Assignment1" name="closeApp" time="0.745"/>
  <testcase classname="com.TestNGActitime.programs.Assignment2" name="launchBrowser" time="3.311"/>
  <testcase classname="com.TestNGActitime.programs.Assignment2" name="navigate" time="7.46"/>
  <testcase classname="com.TestNGActitime.programs.Assignment2" name="login" time="5.694"/>
  <testcase classname="com.TestNGActitime.programs.Assignment2" name="minimizeFlyOutwindow" time="2.337"/>
  <testcase classname="com.TestNGActitime.programs.Assignment2" name="createUser" time="15.951"/>
  <testcase classname="com.TestNGActitime.programs.Assignment2" name="deleteUser" time="6.545"/>
  <testcase classname="com.TestNGActitime.programs.Assignment2" name="modifyuser" time="0.106"/>
  <testcase classname="com.TestNGActitime.programs.Assignment2" name="logout" time="3.267"/>
  <testcase classname="com.TestNGActitime.programs.Assignment2" name="closeApp" time="0.574"/>
  <testcase classname="com.TestNGActitime.programs.Assignment4" name="launchBrowser" time="3.528"/>
  <testcase classname="com.TestNGActitime.programs.Assignment4" name="navigate" time="7.614"/>
  <testcase classname="com.TestNGActitime.programs.Assignment4" name="login" time="5.747"/>
  <testcase classname="com.TestNGActitime.programs.Assignment4" name="minimizeFlyOutwindow" time="2.43"/>
  <testcase classname="com.TestNGActitime.programs.Assignment4" name="addCustomer" time="15.931"/>
  <testcase classname="com.TestNGActitime.programs.Assignment4" name="deleteCustomer" time="1.162"/>
  <testcase classname="com.TestNGActitime.programs.Assignment4" name="logout" time="1.29"/>
  <testcase classname="com.TestNGActitime.programs.Assignment4" name="closeApp" time="0.929"/>
  <testcase classname="com.TestNGActitime.programs.Assignment5" name="launchBrowser" time="3.297"/>
  <testcase classname="com.TestNGActitime.programs.Assignment5" name="navigate" time="6.962"/>
  <testcase classname="com.TestNGActitime.programs.Assignment5" name="login" time="5.626"/>
  <testcase classname="com.TestNGActitime.programs.Assignment5" name="minimizeFlyOutwindow" time="2.233"/>
  <testcase classname="com.TestNGActitime.programs.Assignment5" name="addCustomer" time="15.371"/>
  <testcase classname="com.TestNGActitime.programs.Assignment5" name="modifyCustomer" time="1.147"/>
  <testcase classname="com.TestNGActitime.programs.Assignment5" name="deleteCustomer" time="1.261"/>
  <testcase classname="com.TestNGActitime.programs.Assignment5" name="logout" time="1.338"/>
  <testcase classname="com.TestNGActitime.programs.Assignment5" name="closeApp" time="0.56"/>
  <testcase classname="com.TestNGActitime.programs.Assignment6" name="launchBrowser" time="3.236"/>
  <testcase classname="com.TestNGActitime.programs.Assignment6" name="navigate" time="7.516"/>
  <testcase classname="com.TestNGActitime.programs.Assignment6" name="login" time="5.804"/>
  <testcase classname="com.TestNGActitime.programs.Assignment6" name="minimizeFlyOutwindow" time="2.347"/>
  <testcase classname="com.TestNGActitime.programs.Assignment6" name="addCustomer" time="15.538"/>
  <testcase classname="com.TestNGActitime.programs.Assignment6" name="creatProject" time="1.163"/>
  <testcase classname="com.TestNGActitime.programs.Assignment6" name="deleteProject" time="1.181"/>
  <testcase classname="com.TestNGActitime.programs.Assignment6" name="logout" time="1.206"/>
  <testcase classname="com.TestNGActitime.programs.Assignment6" name="closeApp" time="0.625"/>
  <testcase classname="com.TestNGActitime.programs.Assignment7" name="launchBrowser" time="3.11"/>
  <testcase classname="com.TestNGActitime.programs.Assignment7" name="navigate" time="7.205"/>
  <testcase classname="com.TestNGActitime.programs.Assignment7" name="login" time="5.759"/>
  <testcase classname="com.TestNGActitime.programs.Assignment7" name="minimizeFlyOutwindow" time="2.328"/>
  <testcase classname="com.TestNGActitime.programs.Assignment7" name="addCustomer" time="15.467"/>
  <testcase classname="com.TestNGActitime.programs.Assignment7" name="creatProject" time="1.148"/>
  <testcase classname="com.TestNGActitime.programs.Assignment7" name="ModifyProject" time="0.109"/>
  <testcase classname="com.TestNGActitime.programs.Assignment7" name="DeleteProject" time="1.231"/>
  <testcase classname="com.TestNGActitime.programs.Assignment7" name="logout" time="1.202"/>
  <testcase classname="com.TestNGActitime.programs.Assignment7" name="closeApp" time="0.598"/>
  <testcase classname="com.TestNGActitime.programs.Assignment8" name="launchBrowser" time="3.438"/>
  <testcase classname="com.TestNGActitime.programs.Assignment8" name="navigate" time="7.343"/>
  <testcase classname="com.TestNGActitime.programs.Assignment8" name="login" time="5.651"/>
  <testcase classname="com.TestNGActitime.programs.Assignment8" name="minimizeFlyOutwindow" time="2.215"/>
  <testcase classname="com.TestNGActitime.programs.Assignment8" name="addCustomer" time="15.174"/>
  <testcase classname="com.TestNGActitime.programs.Assignment8" name="creatProject" time="13.146"/>
  <testcase classname="com.TestNGActitime.programs.Assignment8" name="CreatTask" time="12.092"/>
  <testcase classname="com.TestNGActitime.programs.Assignment8" name="deleteCustomer" time="12.732"/>
  <testcase classname="com.TestNGActitime.programs.Assignment8" name="logout" time="3.169"/>
  <testcase classname="com.TestNGActitime.programs.Assignment8" name="closeApp" time="0.726"/>
</testsuite> <!-- Test cases -->
